#
# There is insufficient memory for the Java Runtime Environment to continue.
# Native memory allocation (malloc) failed to allocate 1125504 bytes for Chunk::new
# Possible reasons:
#   The system is out of physical RAM or swap space
#   The process is running with CompressedOops enabled, and the Java Heap may be blocking the growth of the native heap
# Possible solutions:
#   Reduce memory load on the system
#   Increase physical memory or swap space
#   Check if swap backing store is full
#   Decrease Java heap size (-Xmx/-Xms)
#   Decrease number of Java threads
#   Decrease Java thread stack sizes (-Xss)
#   Set larger code cache with -XX:ReservedCodeCacheSize=
#   JVM is running with Unscaled Compressed Oops mode in which the Java heap is
#     placed in the first 4GB address space. The Java Heap base address is the
#     maximum limit for the native heap growth. Please use -XX:HeapBaseMinAddress
#     to set the Java Heap base and to place the Java Heap above 4GB virtual address.
# This output file may be truncated or incomplete.
#
#  Out of Memory Error (allocation.cpp:390), pid=6128, tid=0x00000000000016c0
#
# JRE version: Java(TM) SE Runtime Environment (8.0_192-b12) (build 1.8.0_192-b12)
# Java VM: Java HotSpot(TM) 64-Bit Server VM (25.192-b12 mixed mode windows-amd64 compressed oops)
# Failed to write core dump. Minidumps are not enabled by default on client versions of Windows
#

---------------  T H R E A D  ---------------

Current thread (0x00000000147f4000):  JavaThread "C2 CompilerThread0" daemon [_thread_in_native, id=5824, stack(0x0000000015d00000,0x0000000015e00000)]

Stack: [0x0000000015d00000,0x0000000015e00000]
[error occurred during error reporting (printing stack bounds), id 0xc0000005]

Native frames: (J=compiled Java code, j=interpreted, Vv=VM code, C=native code)


Current CompileTask:
C2:   7020  531 %     4       com.sun.tools.javac.file.ZipFileIndex$ZipDirectory::readEntry @ 102 (587 bytes)


---------------  P R O C E S S  ---------------

Java Threads: ( => current thread )
  0x0000000015e81000 JavaThread "Service Thread" daemon [_thread_blocked, id=9700, stack(0x0000000016400000,0x0000000016500000)]
  0x00000000147fd800 JavaThread "C1 CompilerThread2" daemon [_thread_blocked, id=7752, stack(0x0000000016300000,0x0000000016400000)]
  0x00000000147f6000 JavaThread "C2 CompilerThread1" daemon [_thread_blocked, id=9892, stack(0x0000000016200000,0x0000000016300000)]
=>0x00000000147f4000 JavaThread "C2 CompilerThread0" daemon [_thread_in_native, id=5824, stack(0x0000000015d00000,0x0000000015e00000)]
  0x00000000147f2800 JavaThread "Attach Listener" daemon [_thread_blocked, id=11216, stack(0x0000000015c00000,0x0000000015d00000)]
  0x00000000147ae800 JavaThread "Signal Dispatcher" daemon [_thread_blocked, id=4664, stack(0x0000000015b00000,0x0000000015c00000)]
  0x000000000345c000 JavaThread "Finalizer" daemon [_thread_blocked, id=14128, stack(0x0000000015a00000,0x0000000015b00000)]
  0x0000000003453000 JavaThread "Reference Handler" daemon [_thread_blocked, id=7688, stack(0x0000000015900000,0x0000000015a00000)]
  0x0000000003362800 JavaThread "main" [_thread_in_native, id=7880, stack(0x0000000002f10000,0x0000000003010000)]

Other Threads:
  0x0000000014767800 VMThread [stack: 0x0000000015800000,0x0000000015900000] [id=9008]
  0x0000000015e83800 WatcherThread [stack: 0x0000000016500000,0x0000000016600000] [id=12728]

VM state:not at safepoint (normal execution)

VM Mutex/Monitor currently owned by a thread: None

heap address: 0x00000000e1a00000, size: 486 MB, Compressed Oops mode: 32-bit
Narrow klass base: 0x0000000000000000, Narrow klass shift: 3
Compressed class space size: 1073741824 Address: 0x0000000100000000

Heap:
 PSYoungGen      total 13312K, used 6376K [0x00000000f5e00000, 0x00000000f7100000, 0x0000000100000000)
  eden space 10240K, 48% used [0x00000000f5e00000,0x00000000f62cd058,0x00000000f6800000)
  from space 3072K, 47% used [0x00000000f6c00000,0x00000000f6d6d018,0x00000000f6f00000)
  to   space 4096K, 0% used [0x00000000f6800000,0x00000000f6800000,0x00000000f6c00000)
 ParOldGen       total 9728K, used 5311K [0x00000000e1a00000, 0x00000000e2380000, 0x00000000f5e00000)
  object space 9728K, 54% used [0x00000000e1a00000,0x00000000e1f2ffb8,0x00000000e2380000)
 Metaspace       used 7741K, capacity 8500K, committed 8704K, reserved 1056768K
  class space    used 911K, capacity 944K, committed 1024K, reserved 1048576K

Card table byte_map: [0x0000000012820000,0x0000000012920000] byte_map_base: 0x0000000012113000

Marking Bits: (ParMarkBitMap*) 0x0000000072ab3ce0
 Begin Bits: [0x0000000012dd0000, 0x0000000013568000)
 End Bits:   [0x0000000013568000, 0x0000000013d00000)

Polling page: 0x0000000001650000

CodeCache: size=245760Kb used=3065Kb max_used=3065Kb free=242694Kb
 bounds [0x0000000003460000, 0x0000000003770000, 0x0000000012460000]
 total_blobs=958 nmethods=670 adapters=202
 compilation: enabled

Compilation events (10 events):
Event: 6.962 Thread 0x00000000147fd800  670       1       com.sun.tools.javac.comp.Check::access$200 (5 bytes)
Event: 6.963 Thread 0x00000000147fd800 nmethod 670 0x0000000003752310 code [0x0000000003752460, 0x0000000003752550]
Event: 6.963 Thread 0x00000000147fd800  668       3       com.sun.tools.javac.jvm.ClassReader::readType (26 bytes)
Event: 6.964 Thread 0x00000000147fd800 nmethod 668 0x000000000375fbd0 code [0x000000000375fd60, 0x0000000003760068]
Event: 6.964 Thread 0x00000000147fd800  669       3       com.sun.tools.javac.jvm.ClassReader::sigToType (22 bytes)
Event: 6.965 Thread 0x00000000147fd800 nmethod 669 0x00000000037602d0 code [0x0000000003760440, 0x00000000037605e8]
Event: 6.965 Thread 0x00000000147fd800  666       1       com.sun.tools.javac.code.Types::access$900 (5 bytes)
Event: 6.965 Thread 0x00000000147fd800 nmethod 666 0x0000000003751fd0 code [0x0000000003752120, 0x0000000003752210]
Event: 6.976 Thread 0x00000000147fd800  671  s!   3       com.sun.tools.javac.file.ZipFileIndex::getFiles (46 bytes)
Event: 6.978 Thread 0x00000000147fd800 nmethod 671 0x0000000003760690 code [0x0000000003760860, 0x0000000003760fc8]

GC Heap History (10 events):
Event: 3.632 GC heap before
{Heap before GC invocations=5 (full 0):
 PSYoungGen      total 3584K, used 3547K [0x00000000f5e00000, 0x00000000f6200000, 0x0000000100000000)
  eden space 3072K, 99% used [0x00000000f5e00000,0x00000000f60fd860,0x00000000f6100000)
  from space 512K, 94% used [0x00000000f6180000,0x00000000f61f9620,0x00000000f6200000)
  to   space 512K, 0% used [0x00000000f6100000,0x00000000f6100000,0x00000000f6180000)
 ParOldGen       total 5632K, used 790K [0x00000000e1a00000, 0x00000000e1f80000, 0x00000000f5e00000)
  object space 5632K, 14% used [0x00000000e1a00000,0x00000000e1ac5910,0x00000000e1f80000)
 Metaspace       used 6084K, capacity 7244K, committed 7552K, reserved 1056768K
  class space    used 758K, capacity 776K, committed 896K, reserved 1048576K
Event: 3.641 GC heap after
Heap after GC invocations=5 (full 0):
 PSYoungGen      total 3584K, used 485K [0x00000000f5e00000, 0x00000000f6600000, 0x0000000100000000)
  eden space 3072K, 0% used [0x00000000f5e00000,0x00000000f5e00000,0x00000000f6100000)
  from space 512K, 94% used [0x00000000f6100000,0x00000000f6179620,0x00000000f6180000)
  to   space 1024K, 0% used [0x00000000f6500000,0x00000000f6500000,0x00000000f6600000)
 ParOldGen       total 5632K, used 911K [0x00000000e1a00000, 0x00000000e1f80000, 0x00000000f5e00000)
  object space 5632K, 16% used [0x00000000e1a00000,0x00000000e1ae3ec8,0x00000000e1f80000)
 Metaspace       used 6084K, capacity 7244K, committed 7552K, reserved 1056768K
  class space    used 758K, capacity 776K, committed 896K, reserved 1048576K
}
Event: 4.725 GC heap before
{Heap before GC invocations=6 (full 0):
 PSYoungGen      total 3584K, used 3557K [0x00000000f5e00000, 0x00000000f6600000, 0x0000000100000000)
  eden space 3072K, 100% used [0x00000000f5e00000,0x00000000f6100000,0x00000000f6100000)
  from space 512K, 94% used [0x00000000f6100000,0x00000000f6179620,0x00000000f6180000)
  to   space 1024K, 0% used [0x00000000f6500000,0x00000000f6500000,0x00000000f6600000)
 ParOldGen       total 5632K, used 911K [0x00000000e1a00000, 0x00000000e1f80000, 0x00000000f5e00000)
  object space 5632K, 16% used [0x00000000e1a00000,0x00000000e1ae3ec8,0x00000000e1f80000)
 Metaspace       used 7375K, capacity 8308K, committed 8448K, reserved 1056768K
  class space    used 886K, capacity 944K, committed 1024K, reserved 1048576K
Event: 4.763 GC heap after
Heap after GC invocations=6 (full 0):
 PSYoungGen      total 6656K, used 1003K [0x00000000f5e00000, 0x00000000f6700000, 0x0000000100000000)
  eden space 5632K, 0% used [0x00000000f5e00000,0x00000000f5e00000,0x00000000f6380000)
  from space 1024K, 97% used [0x00000000f6500000,0x00000000f65facb0,0x00000000f6600000)
  to   space 1536K, 0% used [0x00000000f6380000,0x00000000f6380000,0x00000000f6500000)
 ParOldGen       total 5632K, used 1055K [0x00000000e1a00000, 0x00000000e1f80000, 0x00000000f5e00000)
  object space 5632K, 18% used [0x00000000e1a00000,0x00000000e1b07ec8,0x00000000e1f80000)
 Metaspace       used 7375K, capacity 8308K, committed 8448K, reserved 1056768K
  class space    used 886K, capacity 944K, committed 1024K, reserved 1048576K
}
Event: 5.502 GC heap before
{Heap before GC invocations=7 (full 0):
 PSYoungGen      total 6656K, used 6635K [0x00000000f5e00000, 0x00000000f6700000, 0x0000000100000000)
  eden space 5632K, 100% used [0x00000000f5e00000,0x00000000f6380000,0x00000000f6380000)
  from space 1024K, 97% used [0x00000000f6500000,0x00000000f65facb0,0x00000000f6600000)
  to   space 1536K, 0% used [0x00000000f6380000,0x00000000f6380000,0x00000000f6500000)
 ParOldGen       total 5632K, used 1055K [0x00000000e1a00000, 0x00000000e1f80000, 0x00000000f5e00000)
  object space 5632K, 18% used [0x00000000e1a00000,0x00000000e1b07ec8,0x00000000e1f80000)
 Metaspace       used 7539K, capacity 8372K, committed 8704K, reserved 1056768K
  class space    used 898K, capacity 944K, committed 1024K, reserved 1048576K
Event: 5.523 GC heap after
Heap after GC invocations=7 (full 0):
 PSYoungGen      total 7168K, used 1523K [0x00000000f5e00000, 0x00000000f6f00000, 0x0000000100000000)
  eden space 5632K, 0% used [0x00000000f5e00000,0x00000000f5e00000,0x00000000f6380000)
  from space 1536K, 99% used [0x00000000f6380000,0x00000000f64fcce8,0x00000000f6500000)
  to   space 3072K, 0% used [0x00000000f6c00000,0x00000000f6c00000,0x00000000f6f00000)
 ParOldGen       total 5632K, used 3396K [0x00000000e1a00000, 0x00000000e1f80000, 0x00000000f5e00000)
  object space 5632K, 60% used [0x00000000e1a00000,0x00000000e1d51298,0x00000000e1f80000)
 Metaspace       used 7539K, capacity 8372K, committed 8704K, reserved 1056768K
  class space    used 898K, capacity 944K, committed 1024K, reserved 1048576K
}
Event: 6.141 GC heap before
{Heap before GC invocations=8 (full 0):
 PSYoungGen      total 7168K, used 7155K [0x00000000f5e00000, 0x00000000f6f00000, 0x0000000100000000)
  eden space 5632K, 100% used [0x00000000f5e00000,0x00000000f6380000,0x00000000f6380000)
  from space 1536K, 99% used [0x00000000f6380000,0x00000000f64fcce8,0x00000000f6500000)
  to   space 3072K, 0% used [0x00000000f6c00000,0x00000000f6c00000,0x00000000f6f00000)
 ParOldGen       total 5632K, used 3396K [0x00000000e1a00000, 0x00000000e1f80000, 0x00000000f5e00000)
  object space 5632K, 60% used [0x00000000e1a00000,0x00000000e1d51298,0x00000000e1f80000)
 Metaspace       used 7670K, capacity 8436K, committed 8704K, reserved 1056768K
  class space    used 907K, capacity 944K, committed 1024K, reserved 1048576K
Event: 6.167 GC heap after
Heap after GC invocations=8 (full 0):
 PSYoungGen      total 13312K, used 3062K [0x00000000f5e00000, 0x00000000f7100000, 0x0000000100000000)
  eden space 10240K, 0% used [0x00000000f5e00000,0x00000000f5e00000,0x00000000f6800000)
  from space 3072K, 99% used [0x00000000f6c00000,0x00000000f6efd990,0x00000000f6f00000)
  to   space 4096K, 0% used [0x00000000f6800000,0x00000000f6800000,0x00000000f6c00000)
 ParOldGen       total 5632K, used 4176K [0x00000000e1a00000, 0x00000000e1f80000, 0x00000000f5e00000)
  object space 5632K, 74% used [0x00000000e1a00000,0x00000000e1e142a8,0x00000000e1f80000)
 Metaspace       used 7670K, capacity 8436K, committed 8704K, reserved 1056768K
  class space    used 907K, capacity 944K, committed 1024K, reserved 1048576K
}
Event: 6.167 GC heap before
{Heap before GC invocations=9 (full 1):
 PSYoungGen      total 13312K, used 3062K [0x00000000f5e00000, 0x00000000f7100000, 0x0000000100000000)
  eden space 10240K, 0% used [0x00000000f5e00000,0x00000000f5e00000,0x00000000f6800000)
  from space 3072K, 99% used [0x00000000f6c00000,0x00000000f6efd990,0x00000000f6f00000)
  to   space 4096K, 0% used [0x00000000f6800000,0x00000000f6800000,0x00000000f6c00000)
 ParOldGen       total 5632K, used 4176K [0x00000000e1a00000, 0x00000000e1f80000, 0x00000000f5e00000)
  object space 5632K, 74% used [0x00000000e1a00000,0x00000000e1e142a8,0x00000000e1f80000)
 Metaspace       used 7670K, capacity 8436K, committed 8704K, reserved 1056768K
  class space    used 907K, capacity 944K, committed 1024K, reserved 1048576K
Event: 6.470 GC heap after
Heap after GC invocations=9 (full 1):
 PSYoungGen      total 13312K, used 1460K [0x00000000f5e00000, 0x00000000f7100000, 0x0000000100000000)
  eden space 10240K, 0% used [0x00000000f5e00000,0x00000000f5e00000,0x00000000f6800000)
  from space 3072K, 47% used [0x00000000f6c00000,0x00000000f6d6d018,0x00000000f6f00000)
  to   space 4096K, 0% used [0x00000000f6800000,0x00000000f6800000,0x00000000f6c00000)
 ParOldGen       total 9728K, used 5311K [0x00000000e1a00000, 0x00000000e2380000, 0x00000000f5e00000)
  object space 9728K, 54% used [0x00000000e1a00000,0x00000000e1f2ffb8,0x00000000e2380000)
 Metaspace       used 7670K, capacity 8436K, committed 8704K, reserved 1056768K
  class space    used 907K, capacity 944K, committed 1024K, reserved 1048576K
}

Deoptimization events (4 events):
Event: 4.133 Thread 0x0000000003362800 Uncommon trap: reason=unstable_if action=reinterpret pc=0x00000000035d881c method=java.lang.String.replace(CC)Ljava/lang/String; @ 26
Event: 4.215 Thread 0x0000000003362800 Uncommon trap: reason=class_check action=maybe_recompile pc=0x000000000360cea0 method=sun.misc.URLClassPath.getLoader(I)Lsun/misc/URLClassPath$Loader; @ 94
Event: 4.408 Thread 0x0000000003362800 Uncommon trap: reason=unstable_if action=reinterpret pc=0x0000000003647608 method=com.sun.tools.javac.parser.UnicodeReader.scanChar()V @ 37
Event: 4.800 Thread 0x0000000003362800 Uncommon trap: reason=unstable_if action=reinterpret pc=0x000000000362e870 method=java.lang.String.<init>([CII)V @ 18

Classes redefined (0 events):
No events

Internal exceptions (10 events):
Event: 0.397 Thread 0x0000000003362800 Exception <a 'java/lang/NoSuchMethodError': Method sun.misc.Unsafe.defineClass(Ljava/lang/String;[BII)Ljava/lang/Class; name or signature does not match> (0x00000000f5e07cd8) thrown at [C:\workspace\8-2-build-windows-amd64-cygwin\jdk8u192\11897\hotspot\sr
Event: 0.397 Thread 0x0000000003362800 Exception <a 'java/lang/NoSuchMethodError': Method sun.misc.Unsafe.prefetchRead(Ljava/lang/Object;J)V name or signature does not match> (0x00000000f5e07fc0) thrown at [C:\workspace\8-2-build-windows-amd64-cygwin\jdk8u192\11897\hotspot\src\share\vm\prims\j
Event: 1.924 Thread 0x0000000003362800 Exception <a 'java/security/PrivilegedActionException'> (0x00000000f5e22ca8) thrown at [C:\workspace\8-2-build-windows-amd64-cygwin\jdk8u192\11897\hotspot\src\share\vm\prims\jvm.cpp, line 1435]
Event: 1.924 Thread 0x0000000003362800 Exception <a 'java/security/PrivilegedActionException'> (0x00000000f5e230a0) thrown at [C:\workspace\8-2-build-windows-amd64-cygwin\jdk8u192\11897\hotspot\src\share\vm\prims\jvm.cpp, line 1435]
Event: 1.944 Thread 0x0000000003362800 Exception <a 'java/security/PrivilegedActionException'> (0x00000000f5e27198) thrown at [C:\workspace\8-2-build-windows-amd64-cygwin\jdk8u192\11897\hotspot\src\share\vm\prims\jvm.cpp, line 1435]
Event: 1.944 Thread 0x0000000003362800 Exception <a 'java/security/PrivilegedActionException'> (0x00000000f5e27590) thrown at [C:\workspace\8-2-build-windows-amd64-cygwin\jdk8u192\11897\hotspot\src\share\vm\prims\jvm.cpp, line 1435]
Event: 1.971 Thread 0x0000000003362800 Exception <a 'java/security/PrivilegedActionException'> (0x00000000f5e92018) thrown at [C:\workspace\8-2-build-windows-amd64-cygwin\jdk8u192\11897\hotspot\src\share\vm\prims\jvm.cpp, line 1435]
Event: 1.971 Thread 0x0000000003362800 Exception <a 'java/security/PrivilegedActionException'> (0x00000000f5e92410) thrown at [C:\workspace\8-2-build-windows-amd64-cygwin\jdk8u192\11897\hotspot\src\share\vm\prims\jvm.cpp, line 1435]
Event: 5.455 Thread 0x0000000003362800 Exception <a 'java/io/FileNotFoundException'> (0x00000000f6351830) thrown at [C:\workspace\8-2-build-windows-amd64-cygwin\jdk8u192\11897\hotspot\src\share\vm\prims\jni.cpp, line 709]
Event: 5.528 Thread 0x0000000003362800 Exception <a 'java/io/FileNotFoundException'> (0x00000000f5e05e70) thrown at [C:\workspace\8-2-build-windows-amd64-cygwin\jdk8u192\11897\hotspot\src\share\vm\prims\jni.cpp, line 709]

Events (10 events):
Event: 6.541 Thread 0x0000000003362800 DEOPT PACKING pc=0x00000000037099f0 sp=0x000000000300de00
Event: 6.541 Thread 0x0000000003362800 DEOPT UNPACKING pc=0x00000000034a7490 sp=0x000000000300db58 mode 0
Event: 6.542 Thread 0x0000000003362800 DEOPT PACKING pc=0x000000000370aa77 sp=0x000000000300de80
Event: 6.542 Thread 0x0000000003362800 DEOPT UNPACKING pc=0x00000000034a7490 sp=0x000000000300dc08 mode 0
Event: 6.543 Thread 0x0000000003362800 DEOPT PACKING pc=0x000000000370aa77 sp=0x000000000300de80
Event: 6.543 Thread 0x0000000003362800 DEOPT UNPACKING pc=0x00000000034a7490 sp=0x000000000300dc08 mode 0
Event: 6.664 loading class com/sun/tools/javac/code/BoundKind
Event: 6.664 loading class com/sun/tools/javac/code/BoundKind done
Event: 6.721 Thread 0x0000000003362800 DEOPT PACKING pc=0x000000000359fa68 sp=0x000000000300e0c0
Event: 6.721 Thread 0x0000000003362800 DEOPT UNPACKING pc=0x00000000034a7490 sp=0x000000000300de18 mode 0


Dynamic libraries:
0x00007ff682910000 - 0x00007ff682917000 	C:\Program Files\Java\jdk1.8.0_192\bin\javac.exe
0x00007ff80dcf0000 - 0x00007ff80ded1000 	C:\Windows\SYSTEM32\ntdll.dll
0x00007ff80b7e0000 - 0x00007ff80b892000 	C:\Windows\System32\KERNEL32.DLL
0x00007ff80a490000 - 0x00007ff80a703000 	C:\Windows\System32\KERNELBASE.dll
0x00007ffff8140000 - 0x00007ffff816f000 	C:\Program Files\Java\jdk1.8.0_192\bin\jli.dll
0x00007ff80b730000 - 0x00007ff80b7d1000 	C:\Windows\System32\ADVAPI32.dll
0x00007ff80d1b0000 - 0x00007ff80d24e000 	C:\Windows\System32\msvcrt.dll
0x00007ff80bb60000 - 0x00007ff80bbbb000 	C:\Windows\System32\sechost.dll
0x00007ff80d450000 - 0x00007ff80d574000 	C:\Windows\System32\RPCRT4.dll
0x00000000721b0000 - 0x0000000072281000 	C:\Program Files\Java\jdk1.8.0_192\bin\MSVCR100.dll
0x00007ff80d9e0000 - 0x00007ff80db70000 	C:\Windows\System32\USER32.dll
0x00007ffff7b00000 - 0x00007ffff7d69000 	C:\Windows\WinSxS\amd64_microsoft.windows.common-controls_6595b64144ccf1df_6.0.17134.376_none_fb439a3730647da2\COMCTL32.dll
0x00007ff80a810000 - 0x00007ff80a830000 	C:\Windows\System32\win32u.dll
0x00007ff80d620000 - 0x00007ff80d943000 	C:\Windows\System32\combase.dll
0x00007ff80a710000 - 0x00007ff80a80a000 	C:\Windows\System32\ucrtbase.dll
0x00007ff80d9b0000 - 0x00007ff80d9d8000 	C:\Windows\System32\GDI32.dll
0x00007ff80a410000 - 0x00007ff80a48a000 	C:\Windows\System32\bcryptPrimitives.dll
0x00007ff80a0c0000 - 0x00007ff80a252000 	C:\Windows\System32\gdi32full.dll
0x00007ff80a260000 - 0x00007ff80a2ff000 	C:\Windows\System32\msvcp_win.dll
0x00007ff80db70000 - 0x00007ff80db9d000 	C:\Windows\System32\IMM32.DLL
0x0000000075480000 - 0x0000000075551000 	C:\Program Files\Java\jdk1.8.0_192\jre\bin\msvcr100.dll
0x0000000072290000 - 0x0000000072b33000 	C:\Program Files\Java\jdk1.8.0_192\jre\bin\server\jvm.dll
0x00007ff80d1a0000 - 0x00007ff80d1a8000 	C:\Windows\System32\PSAPI.DLL
0x00007ff808c30000 - 0x00007ff808c39000 	C:\Windows\SYSTEM32\WSOCK32.dll
0x00007ff80dc50000 - 0x00007ff80dcbc000 	C:\Windows\System32\WS2_32.dll
0x00007ff8077f0000 - 0x00007ff807813000 	C:\Windows\SYSTEM32\WINMM.dll
0x00007ff8071f0000 - 0x00007ff80721a000 	C:\Windows\SYSTEM32\WINMMBASE.dll
0x00007ff80a830000 - 0x00007ff80a879000 	C:\Windows\System32\cfgmgr32.dll
0x00007ffffc290000 - 0x00007ffffc29a000 	C:\Windows\SYSTEM32\VERSION.dll
0x00007ff801e20000 - 0x00007ff801e2f000 	C:\Program Files\Java\jdk1.8.0_192\jre\bin\verify.dll
0x00007ff801df0000 - 0x00007ff801e19000 	C:\Program Files\Java\jdk1.8.0_192\jre\bin\java.dll
0x00007ff800190000 - 0x00007ff8001a6000 	C:\Program Files\Java\jdk1.8.0_192\jre\bin\zip.dll
0x00007ff80bd60000 - 0x00007ff80d19f000 	C:\Windows\System32\SHELL32.dll
0x00007ff80dba0000 - 0x00007ff80dc49000 	C:\Windows\System32\shcore.dll
0x00007ff80aa70000 - 0x00007ff80b17d000 	C:\Windows\System32\windows.storage.dll
0x00007ff80b980000 - 0x00007ff80b9d1000 	C:\Windows\System32\shlwapi.dll
0x00007ff80a080000 - 0x00007ff80a091000 	C:\Windows\System32\kernel.appcore.dll
0x00007ff80a0a0000 - 0x00007ff80a0bf000 	C:\Windows\System32\profapi.dll
0x00007ff80a020000 - 0x00007ff80a06c000 	C:\Windows\System32\powrprof.dll
0x00007ff80a070000 - 0x00007ff80a07a000 	C:\Windows\System32\FLTLIB.DLL

VM Arguments:
jvm_args: -Dapplication.home=C:\Program Files\Java\jdk1.8.0_192 -Xms8m 
java_command: com.sun.tools.javac.Main -d C:\Users\zaf_h\OneDrive\ドキュメント\NetBeansProjects\Robot7-master\build\classes -classpath C:\Users\zaf_h\OneDrive\ドキュメント\NetBeansProjects\Robot7-master\build\classes;C:\Program Files\Java\jdk1.8.0_192\jre\lib\javaws.jar;C:\Program Files\Java\jdk1.8.0_192\jre\lib\deploy.jar;C:\Program Files\Java\jdk1.8.0_192\jre\lib\plugin.jar -sourcepath C:\Users\zaf_h\OneDrive\ドキュメント\NetBeansProjects\Robot7-master\build\empty -target 1.8 -encoding UTF-8 -g -processorpath C:\Program Files\Java\jdk1.8.0_192\jre\lib\javaws.jar;C:\Program Files\Java\jdk1.8.0_192\jre\lib\deploy.jar;C:\Program Files\Java\jdk1.8.0_192\jre\lib\plugin.jar;C:\Users\zaf_h\OneDrive\ドキュメント\NetBeansProjects\Robot7-master\build\empty -s C:\Users\zaf_h\OneDrive\ドキュメント\NetBeansProjects\Robot7-master\build\generated-sources\ap-source-output -source 1.8 C:\Users\zaf_h\OneDrive\ドキュメント\NetBeansProjects\Robot7-master\src\FXMLRobotUty\FXMLRobotGrandPanelController.java C:\Users\zaf_h\OneDrive\ドキュメント\NetBeansProjects\Robot7-master\src\actor\Keyboard.java C:\Users\zaf_h\OneDrive\ドキュメント\NetBeansProjects\Robot7-master\src\actor\Mouse.java C:\Users\zaf_h\OneDrive\ドキュメント\NetBeansProjects\Robot7-master\src\clipBoard\ClipBoardUtility.java C:\Users\zaf_h\OneDrive\ドキュメント\NetBeansProjects\Robot7-master\src\mouseClickPoint\FXMLGrandPanelController.java C:\Users\zaf_h\OneDrive\ドキュメント\NetBeansProjects\Robot7-master\src\robot7\FXMLDocumentController.java C:\Users\zaf_h\OneDrive\ドキュメント\NetBeansProjects\Robot7-master\src\robot7\Member.java C:\Users\zaf_h\OneDrive\ドキュメント\NetBeansProjects\Robot7-master\src\robot7\MsgBox.java C:\Users\zaf_h\OneDrive\ドキュメント\NetBeansProjects\Robot7-master\src\robot7\Robot7.java
java_class_path (initial): C:\Program Files\Java\jdk1.8.0_192/lib/tools.jar;C:\Program Files\Java\jdk1.8.0_192/classes
Launcher Type: SUN_STANDARD

Environment Variables:
PATH=C:\Program Files (x86)\Common Files\Oracle\Java\javapath;C:\Windows\system32;C:\Windows;C:\Windows\System32\Wbem;C:\Windows\System32\WindowsPowerShell\v1.0\;C:\Windows\System32\OpenSSH\;C:\Users\zaf_h\AppData\Local\Microsoft\WindowsApps;
USERNAME=zaf_h
OS=Windows_NT
PROCESSOR_IDENTIFIER=Intel64 Family 6 Model 76 Stepping 3, GenuineIntel



---------------  S Y S T E M  ---------------

OS: Windows 10.0 , 64 bit Build 17134 (10.0.17134.1)

CPU:total 4 (initial active 4) (4 cores per cpu, 1 threads per core) family 6 model 76 stepping 3, cmov, cx8, fxsr, mmx, sse, sse2, sse3, ssse3, sse4.1, sse4.2, popcnt, aes, clmul, erms, 3dnowpref, tsc, tscinvbit

Memory: 4k page, physical 1987284k(223912k free), swap 4751668k(5576k free)

vm_info: Java HotSpot(TM) 64-Bit Server VM (25.192-b12) for windows-amd64 JRE (1.8.0_192-b12), built on Oct  6 2018 17:12:23 by "java_re" with MS VC++ 10.0 (VS2010)

time: Sun Nov 11 13:11:41 2018
timezone: 東京 (標準時)
elapsed time: 7 seconds (0d 0h 0m 7s)

